[0.573s] Invoking command in '/home/vp/robot_ws/build/odometry_estimator': CMAKE_PREFIX_PATH=${CMAKE_PREFIX_PATH}:/home/vp/robot_ws/install/ros2_control_test_nodes:/home/vp/robot_ws/install/odrive_driver:/opt/ros/foxy /usr/bin/cmake --build /home/vp/robot_ws/build/odometry_estimator -- -j8 -l8
[1.119s] [ 40%] Built target gtest_main
[1.119s] [ 40%] Built target vehicle_models
[1.119s] [ 60%] Built target gtest
[1.119s] [35m[1mScanning dependencies of target odometry_estimator[0m
[1.120s] [ 80%] Built target vehicle_models_test
[1.120s] [ 90%] [32mBuilding CXX object CMakeFiles/odometry_estimator.dir/src/node/odometry_estimation_node.cpp.o[0m
[3.970s] [01m[K/home/vp/robot_ws/src/ros2_odometry_estimation/src/node/odometry_estimation_node.cpp:[m[K In member function â€˜[01m[Kvoid OdometryEstimator::publish()[m[Kâ€™:
[3.970s] [01m[K/home/vp/robot_ws/src/ros2_odometry_estimation/src/node/odometry_estimation_node.cpp:96:18:[m[K [01;31m[Kerror: [m[Kinvalid conversion from â€˜[01m[Kconst char*[m[Kâ€™ to â€˜[01m[Klong int[m[Kâ€™ [[01;31m[K-fpermissive[m[K]
[3.970s]    96 |   long int aaa = [01;31m[K"aaaa"[m[K
[3.970s]       |                  [01;31m[K^~~~~~[m[K
[3.970s]       |                  [01;31m[K|[m[K
[3.971s]       |                  [01;31m[Kconst char*[m[K
[3.971s] [01m[K/home/vp/robot_ws/src/ros2_odometry_estimation/src/node/odometry_estimation_node.cpp:98:3:[m[K [01;31m[Kerror: [m[Kexpected â€˜[01m[K,[m[Kâ€™ or â€˜[01m[K;[m[Kâ€™ before â€˜[01m[Kpublisher2_[m[Kâ€™
[3.971s]    98 |   [01;31m[Kpublisher2_[m[K->publish(aaa);
[3.971s]       |   [01;31m[K^~~~~~~~~~~[m[K
[3.971s] [01m[K/home/vp/robot_ws/src/ros2_odometry_estimation/src/node/odometry_estimation_node.cpp:96:12:[m[K [01;35m[Kwarning: [m[Kunused variable â€˜[01m[Kaaa[m[Kâ€™ [[01;35m[K-Wunused-variable[m[K]
[3.971s]    96 |   long int [01;35m[Kaaa[m[K = "aaaa"
[3.971s]       |            [01;35m[K^~~[m[K
[6.517s] make[2]: *** [CMakeFiles/odometry_estimator.dir/build.make:63: CMakeFiles/odometry_estimator.dir/src/node/odometry_estimation_node.cpp.o] Errore 1
[6.518s] make[1]: *** [CMakeFiles/Makefile2:121: CMakeFiles/odometry_estimator.dir/all] Errore 2
[6.518s] make: *** [Makefile:141: all] Errore 2
[6.522s] Invoked command in '/home/vp/robot_ws/build/odometry_estimator' returned '2': CMAKE_PREFIX_PATH=${CMAKE_PREFIX_PATH}:/home/vp/robot_ws/install/ros2_control_test_nodes:/home/vp/robot_ws/install/odrive_driver:/opt/ros/foxy /usr/bin/cmake --build /home/vp/robot_ws/build/odometry_estimator -- -j8 -l8
