[0.399s] Invoking command in '/home/vp/robot_ws/build/odometry_estimator': CMAKE_PREFIX_PATH=${CMAKE_PREFIX_PATH}:/home/vp/robot_ws/install/ros2_control_test_nodes:/home/vp/robot_ws/install/odrive_driver:/opt/ros/foxy /usr/bin/cmake --build /home/vp/robot_ws/build/odometry_estimator -- -j8 -l8
[0.728s] [ 20%] Built target gtest_main
[0.728s] [ 40%] Built target vehicle_models
[0.729s] [ 60%] Built target gtest
[0.729s] [35m[1mScanning dependencies of target odometry_estimator[0m
[0.729s] [ 80%] Built target vehicle_models_test
[0.731s] [ 90%] [32mBuilding CXX object CMakeFiles/odometry_estimator.dir/src/node/odometry_estimation_node.cpp.o[0m
[2.541s] [01m[K/home/vp/robot_ws/src/ros2_odometry_estimation/src/node/odometry_estimation_node.cpp:[m[K In member function â€˜[01m[Kvoid OdometryEstimator::publish()[m[Kâ€™:
[2.541s] [01m[K/home/vp/robot_ws/src/ros2_odometry_estimation/src/node/odometry_estimation_node.cpp:69:40:[m[K [01;31m[Kerror: [m[Kno matching function for call to â€˜[01m[Ktf2_ros::TransformBroadcaster::TransformBroadcaster()[m[Kâ€™
[2.541s]    69 |   static tf2_ros::TransformBroadcaster [01;31m[Kbroadcaster[m[K;
[2.541s]       |                                        [01;31m[K^~~~~~~~~~~[m[K
[2.541s] In file included from [01m[K/home/vp/robot_ws/src/ros2_odometry_estimation/src/node/odometry_estimation_node.cpp:5[m[K:
[2.541s] [01m[K/opt/ros/foxy/include/tf2_ros/transform_broadcaster.h:53:3:[m[K [01;36m[Knote: [m[Kcandidate: â€˜[01m[Ktemplate<class NodeT, class AllocatorT> tf2_ros::TransformBroadcaster::TransformBroadcaster(NodeT&&, const rclcpp::QoS&, const rclcpp::PublisherOptionsWithAllocator<AllocatorT>&)[m[Kâ€™
[2.541s]    53 |   [01;36m[KTransformBroadcaster[m[K(
[2.542s]       |   [01;36m[K^~~~~~~~~~~~~~~~~~~~[m[K
[2.542s] [01m[K/opt/ros/foxy/include/tf2_ros/transform_broadcaster.h:53:3:[m[K [01;36m[Knote: [m[K  template argument deduction/substitution failed:
[2.542s] [01m[K/home/vp/robot_ws/src/ros2_odometry_estimation/src/node/odometry_estimation_node.cpp:69:40:[m[K [01;36m[Knote: [m[K  candidate expects 3 arguments, 0 provided
[2.542s]    69 |   static tf2_ros::TransformBroadcaster [01;36m[Kbroadcaster[m[K;
[2.542s]       |                                        [01;36m[K^~~~~~~~~~~[m[K
[2.542s] In file included from [01m[K/home/vp/robot_ws/src/ros2_odometry_estimation/src/node/odometry_estimation_node.cpp:5[m[K:
[2.542s] [01m[K/opt/ros/foxy/include/tf2_ros/transform_broadcaster.h:49:7:[m[K [01;36m[Knote: [m[Kcandidate: â€˜[01m[Ktf2_ros::TransformBroadcaster::TransformBroadcaster(const tf2_ros::TransformBroadcaster&)[m[Kâ€™
[2.542s]    49 | class [01;36m[KTransformBroadcaster[m[K{
[2.542s]       |       [01;36m[K^~~~~~~~~~~~~~~~~~~~[m[K
[2.542s] [01m[K/opt/ros/foxy/include/tf2_ros/transform_broadcaster.h:49:7:[m[K [01;36m[Knote: [m[K  candidate expects 1 argument, 0 provided
[2.542s] [01m[K/opt/ros/foxy/include/tf2_ros/transform_broadcaster.h:49:7:[m[K [01;36m[Knote: [m[Kcandidate: â€˜[01m[Ktf2_ros::TransformBroadcaster::TransformBroadcaster(tf2_ros::TransformBroadcaster&&)[m[Kâ€™
[2.542s] [01m[K/opt/ros/foxy/include/tf2_ros/transform_broadcaster.h:49:7:[m[K [01;36m[Knote: [m[K  candidate expects 1 argument, 0 provided
[2.550s] [01m[K/home/vp/robot_ws/src/ros2_odometry_estimation/src/node/odometry_estimation_node.cpp:88:8:[m[K [01;31m[Kerror: [m[Krequest for member â€˜[01m[Kbroadcaster[m[Kâ€™ in â€˜[01m[K(OdometryEstimator*)this[m[Kâ€™, which is of pointer type â€˜[01m[KOdometryEstimator*[m[Kâ€™ (maybe you meant to use â€˜[01m[K->[m[Kâ€™ ?)
[2.550s]    88 |   this.[01;31m[Kbroadcaster[m[K.sendTransform(message_trans);
[2.550s]       |        [01;31m[K^~~~~~~~~~~[m[K
[4.048s] make[2]: *** [CMakeFiles/odometry_estimator.dir/build.make:63: CMakeFiles/odometry_estimator.dir/src/node/odometry_estimation_node.cpp.o] Errore 1
[4.048s] make[1]: *** [CMakeFiles/Makefile2:121: CMakeFiles/odometry_estimator.dir/all] Errore 2
[4.049s] make: *** [Makefile:141: all] Errore 2
[4.051s] Invoked command in '/home/vp/robot_ws/build/odometry_estimator' returned '2': CMAKE_PREFIX_PATH=${CMAKE_PREFIX_PATH}:/home/vp/robot_ws/install/ros2_control_test_nodes:/home/vp/robot_ws/install/odrive_driver:/opt/ros/foxy /usr/bin/cmake --build /home/vp/robot_ws/build/odometry_estimator -- -j8 -l8
